<?xml version="1.0" encoding="UTF-8"?>
<!-- Generated by org.testng.reporters.JUnitReportReporter -->
<testsuite hostname="LAPTOP-05ARB1KT" failures="0" tests="2" name="com.qa.testcases.Login" time="14.995" errors="0" timestamp="2024-03-15T19:50:54 IST" skipped="0">
  <testcase classname="com.qa.testcases.Login" name="LoginWithValidCreds" time="8.567"/>
  <testcase classname="com.qa.testcases.Login" name="LoginWithInvalidCreds" time="6.428"/>
</testsuite> <!-- com.qa.testcases.Login -->
